Performing C++ SOURCE FILE Test CMAKE_HAVE_LIBC_PTHREAD failed with the following output:
Change Dir: /mnt/f/FinalProject/code/SDK/build/CMakeFiles/CMakeTmp

Run Build Command(s):/usr/bin/gmake cmTC_9afb3/fast && /usr/bin/gmake  -f CMakeFiles/cmTC_9afb3.dir/build.make CMakeFiles/cmTC_9afb3.dir/build
gmake[1]: Entering directory '/mnt/f/FinalProject/code/SDK/build/CMakeFiles/CMakeTmp'
Building CXX object CMakeFiles/cmTC_9afb3.dir/src.cxx.o
/usr/bin/c++   -O3  -DCMAKE_HAVE_LIBC_PTHREAD -o CMakeFiles/cmTC_9afb3.dir/src.cxx.o -c /mnt/f/FinalProject/code/SDK/build/CMakeFiles/CMakeTmp/src.cxx
Linking CXX executable cmTC_9afb3
/usr/bin/cmake -E cmake_link_script CMakeFiles/cmTC_9afb3.dir/link.txt --verbose=1
/usr/bin/c++ -O3  -DCMAKE_HAVE_LIBC_PTHREAD -rdynamic CMakeFiles/cmTC_9afb3.dir/src.cxx.o -o cmTC_9afb3 
/usr/bin/ld: CMakeFiles/cmTC_9afb3.dir/src.cxx.o: in function `main':
src.cxx:(.text.startup+0x29): undefined reference to `pthread_create'
/usr/bin/ld: src.cxx:(.text.startup+0x32): undefined reference to `pthread_detach'
/usr/bin/ld: src.cxx:(.text.startup+0x3b): undefined reference to `pthread_cancel'
/usr/bin/ld: src.cxx:(.text.startup+0x46): undefined reference to `pthread_join'
collect2: error: ld returned 1 exit status
gmake[1]: *** [CMakeFiles/cmTC_9afb3.dir/build.make:106: cmTC_9afb3] Error 1
gmake[1]: Leaving directory '/mnt/f/FinalProject/code/SDK/build/CMakeFiles/CMakeTmp'
gmake: *** [Makefile:140: cmTC_9afb3/fast] Error 2


Source file was:
#include <pthread.h>

void* test_func(void* data)
{
  return data;
}

int main(void)
{
  pthread_t thread;
  pthread_create(&thread, NULL, test_func, NULL);
  pthread_detach(thread);
  pthread_cancel(thread);
  pthread_join(thread, NULL);
  pthread_atfork(NULL, NULL, NULL);
  pthread_exit(NULL);

  return 0;
}

Determining if the function pthread_create exists in the pthreads failed with the following output:
Change Dir: /mnt/f/FinalProject/code/SDK/build/CMakeFiles/CMakeTmp

Run Build Command(s):/usr/bin/gmake cmTC_d684e/fast && /usr/bin/gmake  -f CMakeFiles/cmTC_d684e.dir/build.make CMakeFiles/cmTC_d684e.dir/build
gmake[1]: Entering directory '/mnt/f/FinalProject/code/SDK/build/CMakeFiles/CMakeTmp'
Building CXX object CMakeFiles/cmTC_d684e.dir/CheckFunctionExists.cxx.o
/usr/bin/c++   -O3  -DCHECK_FUNCTION_EXISTS=pthread_create -o CMakeFiles/cmTC_d684e.dir/CheckFunctionExists.cxx.o -c /mnt/f/FinalProject/code/SDK/build/CMakeFiles/CheckLibraryExists/CheckFunctionExists.cxx
Linking CXX executable cmTC_d684e
/usr/bin/cmake -E cmake_link_script CMakeFiles/cmTC_d684e.dir/link.txt --verbose=1
/usr/bin/c++ -O3  -DCHECK_FUNCTION_EXISTS=pthread_create -rdynamic CMakeFiles/cmTC_d684e.dir/CheckFunctionExists.cxx.o -o cmTC_d684e  -lpthreads 
/usr/bin/ld: cannot find -lpthreads
collect2: error: ld returned 1 exit status
gmake[1]: *** [CMakeFiles/cmTC_d684e.dir/build.make:106: cmTC_d684e] Error 1
gmake[1]: Leaving directory '/mnt/f/FinalProject/code/SDK/build/CMakeFiles/CMakeTmp'
gmake: *** [Makefile:140: cmTC_d684e/fast] Error 2



